<?xml version="1.0" encoding="UTF-8"?>
<testsuite xmlns:xsi="http://www.w3.org/2001/XMLSchema-instance" xsi:noNamespaceSchemaLocation="https://maven.apache.org/surefire/maven-surefire-plugin/xsd/surefire-test-report-3.0.xsd" version="3.0" name="TestSuite" time="46.2" tests="1" errors="0" skipped="0" failures="0">
  <properties>
    <property name="gopherProxySet" value="false"/>
    <property name="awt.toolkit" value="sun.lwawt.macosx.LWCToolkit"/>
    <property name="java.specification.version" value="1.8"/>
    <property name="file.encoding.pkg" value="sun.io"/>
    <property name="webdriver.chrome.driver" value="/Users/Abhishek/.cache/selenium/chromedriver/mac64/89.0.4389.23/chromedriver"/>
    <property name="sun.cpu.isalist" value=""/>
    <property name="sun.jnu.encoding" value="UTF-8"/>
    <property name="java.class.path" value="/Users/apurva/eclipse-workspace/UIAutomationBDD/target/test-classes:/Users/apurva/eclipse-workspace/UIAutomationBDD/target/classes:/Users/Abhishek/.m2/repository/org/seleniumhq/selenium/selenium-java/3.141.59/selenium-java-3.141.59.jar:/Users/Abhishek/.m2/repository/org/seleniumhq/selenium/selenium-api/3.141.59/selenium-api-3.141.59.jar:/Users/Abhishek/.m2/repository/org/seleniumhq/selenium/selenium-chrome-driver/3.141.59/selenium-chrome-driver-3.141.59.jar:/Users/Abhishek/.m2/repository/org/seleniumhq/selenium/selenium-edge-driver/3.141.59/selenium-edge-driver-3.141.59.jar:/Users/Abhishek/.m2/repository/org/seleniumhq/selenium/selenium-firefox-driver/3.141.59/selenium-firefox-driver-3.141.59.jar:/Users/Abhishek/.m2/repository/org/seleniumhq/selenium/selenium-ie-driver/3.141.59/selenium-ie-driver-3.141.59.jar:/Users/Abhishek/.m2/repository/org/seleniumhq/selenium/selenium-opera-driver/3.141.59/selenium-opera-driver-3.141.59.jar:/Users/Abhishek/.m2/repository/org/seleniumhq/selenium/selenium-remote-driver/3.141.59/selenium-remote-driver-3.141.59.jar:/Users/Abhishek/.m2/repository/org/seleniumhq/selenium/selenium-safari-driver/3.141.59/selenium-safari-driver-3.141.59.jar:/Users/Abhishek/.m2/repository/org/seleniumhq/selenium/selenium-support/3.141.59/selenium-support-3.141.59.jar:/Users/Abhishek/.m2/repository/net/bytebuddy/byte-buddy/1.8.15/byte-buddy-1.8.15.jar:/Users/Abhishek/.m2/repository/org/apache/commons/commons-exec/1.3/commons-exec-1.3.jar:/Users/Abhishek/.m2/repository/com/google/guava/guava/25.0-jre/guava-25.0-jre.jar:/Users/Abhishek/.m2/repository/com/google/code/findbugs/jsr305/1.3.9/jsr305-1.3.9.jar:/Users/Abhishek/.m2/repository/org/checkerframework/checker-compat-qual/2.0.0/checker-compat-qual-2.0.0.jar:/Users/Abhishek/.m2/repository/com/google/errorprone/error_prone_annotations/2.1.3/error_prone_annotations-2.1.3.jar:/Users/Abhishek/.m2/repository/com/google/j2objc/j2objc-annotations/1.1/j2objc-annotations-1.1.jar:/Users/Abhishek/.m2/repository/org/codehaus/mojo/animal-sniffer-annotations/1.14/animal-sniffer-annotations-1.14.jar:/Users/Abhishek/.m2/repository/com/squareup/okhttp3/okhttp/3.11.0/okhttp-3.11.0.jar:/Users/Abhishek/.m2/repository/com/squareup/okio/okio/1.14.0/okio-1.14.0.jar:/Users/Abhishek/.m2/repository/org/seleniumhq/selenium/selenium-server/3.141.59/selenium-server-3.141.59.jar:/Users/Abhishek/.m2/repository/com/beust/jcommander/1.72/jcommander-1.72.jar:/Users/Abhishek/.m2/repository/net/jcip/jcip-annotations/1.0/jcip-annotations-1.0.jar:/Users/Abhishek/.m2/repository/org/seleniumhq/selenium/jetty-repacked/9.4.12.v20180830/jetty-repacked-9.4.12.v20180830.jar:/Users/Abhishek/.m2/repository/javax/servlet/javax.servlet-api/3.1.0/javax.servlet-api-3.1.0.jar:/Users/Abhishek/.m2/repository/org/yaml/snakeyaml/1.19/snakeyaml-1.19.jar:/Users/Abhishek/.m2/repository/io/github/bonigarcia/webdrivermanager/4.2.2/webdrivermanager-4.2.2.jar:/Users/Abhishek/.m2/repository/org/slf4j/slf4j-api/1.7.30/slf4j-api-1.7.30.jar:/Users/Abhishek/.m2/repository/com/google/code/gson/gson/2.8.6/gson-2.8.6.jar:/Users/Abhishek/.m2/repository/org/apache/commons/commons-lang3/3.11/commons-lang3-3.11.jar:/Users/Abhishek/.m2/repository/org/apache/httpcomponents/client5/httpclient5/5.0.1/httpclient5-5.0.1.jar:/Users/Abhishek/.m2/repository/org/apache/httpcomponents/core5/httpcore5/5.0.1/httpcore5-5.0.1.jar:/Users/Abhishek/.m2/repository/org/apache/httpcomponents/core5/httpcore5-h2/5.0.1/httpcore5-h2-5.0.1.jar:/Users/Abhishek/.m2/repository/commons-codec/commons-codec/1.13/commons-codec-1.13.jar:/Users/Abhishek/.m2/repository/org/rauschig/jarchivelib/1.1.0/jarchivelib-1.1.0.jar:/Users/Abhishek/.m2/repository/org/apache/commons/commons-compress/1.20/commons-compress-1.20.jar:/Users/Abhishek/.m2/repository/org/jsoup/jsoup/1.13.1/jsoup-1.13.1.jar:/Users/Abhishek/.m2/repository/io/cucumber/cucumber-java/6.9.0/cucumber-java-6.9.0.jar:/Users/Abhishek/.m2/repository/org/apiguardian/apiguardian-api/1.1.0/apiguardian-api-1.1.0.jar:/Users/Abhishek/.m2/repository/io/cucumber/gherkin/5.1.0/gherkin-5.1.0.jar:/Users/Abhishek/.m2/repository/io/cucumber/gherkin-jvm-deps/1.0.4/gherkin-jvm-deps-1.0.4.jar:/Users/Abhishek/.m2/repository/io/cucumber/cucumber-testng/6.9.0/cucumber-testng-6.9.0.jar:/Users/Abhishek/.m2/repository/io/cucumber/cucumber-core/6.9.0/cucumber-core-6.9.0.jar:/Users/Abhishek/.m2/repository/io/cucumber/cucumber-gherkin/6.9.0/cucumber-gherkin-6.9.0.jar:/Users/Abhishek/.m2/repository/io/cucumber/cucumber-gherkin-messages/6.9.0/cucumber-gherkin-messages-6.9.0.jar:/Users/Abhishek/.m2/repository/io/cucumber/messages/13.2.0/messages-13.2.0.jar:/Users/Abhishek/.m2/repository/io/cucumber/tag-expressions/3.0.0/tag-expressions-3.0.0.jar:/Users/Abhishek/.m2/repository/io/cucumber/cucumber-expressions/10.3.0/cucumber-expressions-10.3.0.jar:/Users/Abhishek/.m2/repository/io/cucumber/datatable/3.5.0/datatable-3.5.0.jar:/Users/Abhishek/.m2/repository/io/cucumber/cucumber-plugin/6.9.0/cucumber-plugin-6.9.0.jar:/Users/Abhishek/.m2/repository/io/cucumber/docstring/6.9.0/docstring-6.9.0.jar:/Users/Abhishek/.m2/repository/io/cucumber/html-formatter/9.0.0/html-formatter-9.0.0.jar:/Users/Abhishek/.m2/repository/io/cucumber/create-meta/2.0.4/create-meta-2.0.4.jar:/Users/Abhishek/.m2/repository/net/masterthought/cucumber-reporting/5.5.2/cucumber-reporting-5.5.2.jar:/Users/Abhishek/.m2/repository/com/fasterxml/jackson/core/jackson-databind/2.12.1/jackson-databind-2.12.1.jar:/Users/Abhishek/.m2/repository/com/fasterxml/jackson/core/jackson-annotations/2.12.1/jackson-annotations-2.12.1.jar:/Users/Abhishek/.m2/repository/com/fasterxml/jackson/core/jackson-core/2.12.1/jackson-core-2.12.1.jar:/Users/Abhishek/.m2/repository/com/fasterxml/jackson/datatype/jackson-datatype-jsr310/2.12.1/jackson-datatype-jsr310-2.12.1.jar:/Users/Abhishek/.m2/repository/org/apache/velocity/velocity-engine-core/2.2/velocity-engine-core-2.2.jar:/Users/Abhishek/.m2/repository/commons-collections/commons-collections/3.2.2/commons-collections-3.2.2.jar:/Users/Abhishek/.m2/repository/joda-time/joda-time/2.10.9/joda-time-2.10.9.jar:/Users/Abhishek/.m2/repository/org/codehaus/plexus/plexus-utils/3.3.0/plexus-utils-3.3.0.jar:/Users/Abhishek/.m2/repository/com/googlecode/owasp-java-html-sanitizer/owasp-java-html-sanitizer/20200713.1/owasp-java-html-sanitizer-20200713.1.jar:/Users/Abhishek/.m2/repository/commons-configuration/commons-configuration/1.10/commons-configuration-1.10.jar:/Users/Abhishek/.m2/repository/commons-lang/commons-lang/2.6/commons-lang-2.6.jar:/Users/Abhishek/.m2/repository/commons-logging/commons-logging/1.1.1/commons-logging-1.1.1.jar:/Users/Abhishek/.m2/repository/org/testng/testng/7.4.0/testng-7.4.0.jar:/Users/Abhishek/.m2/repository/org/webjars/jquery/3.5.1/jquery-3.5.1.jar:/Users/Abhishek/.m2/repository/org/apache/poi/poi-ooxml/3.17/poi-ooxml-3.17.jar:/Users/Abhishek/.m2/repository/org/apache/poi/poi/3.17/poi-3.17.jar:/Users/Abhishek/.m2/repository/org/apache/commons/commons-collections4/4.1/commons-collections4-4.1.jar:/Users/Abhishek/.m2/repository/org/apache/poi/poi-ooxml-schemas/3.17/poi-ooxml-schemas-3.17.jar:/Users/Abhishek/.m2/repository/org/apache/xmlbeans/xmlbeans/2.6.0/xmlbeans-2.6.0.jar:/Users/Abhishek/.m2/repository/stax/stax-api/1.0.1/stax-api-1.0.1.jar:/Users/Abhishek/.m2/repository/com/github/virtuald/curvesapi/1.04/curvesapi-1.04.jar:/Users/Abhishek/.m2/repository/log4j/log4j/1.2.17/log4j-1.2.17.jar:/Users/Abhishek/.m2/repository/commons-io/commons-io/2.6/commons-io-2.6.jar:/Users/Abhishek/.m2/repository/tech/grasshopper/extentreports-cucumber6-adapter/2.6.0/extentreports-cucumber6-adapter-2.6.0.jar:/Users/Abhishek/.m2/repository/com/aventstack/extentreports/5.0.5/extentreports-5.0.5.jar:/Users/Abhishek/.m2/repository/io/reactivex/rxjava3/rxjava/3.0.4/rxjava-3.0.4.jar:/Users/Abhishek/.m2/repository/org/reactivestreams/reactive-streams/1.0.3/reactive-streams-1.0.3.jar:/Users/Abhishek/.m2/repository/org/freemarker/freemarker/2.3.30/freemarker-2.3.30.jar:/Users/Abhishek/.m2/repository/org/projectlombok/lombok/1.18.12/lombok-1.18.12.jar:/Users/Abhishek/.m2/repository/tech/grasshopper/extent-pdf-report/1.5.0/extent-pdf-report-1.5.0.jar:/Users/Abhishek/.m2/repository/tech/grasshopper/cucumber-pdf-report/1.7.0/cucumber-pdf-report-1.7.0.jar:/Users/Abhishek/.m2/repository/org/apache/pdfbox/pdfbox/2.0.21/pdfbox-2.0.21.jar:/Users/Abhishek/.m2/repository/org/apache/pdfbox/fontbox/2.0.21/fontbox-2.0.21.jar:/Users/Abhishek/.m2/repository/org/knowm/xchart/xchart/3.6.5/xchart-3.6.5.jar:/Users/Abhishek/.m2/repository/de/erichseifert/vectorgraphics2d/VectorGraphics2D/0.13/VectorGraphics2D-0.13.jar:/Users/Abhishek/.m2/repository/de/rototor/pdfbox/graphics2d/0.27/graphics2d-0.27.jar:/Users/Abhishek/.m2/repository/com/madgag/animated-gif-lib/1.4/animated-gif-lib-1.4.jar:/Users/Abhishek/.m2/repository/com/github/vandeseer/easytable/0.7.1/easytable-0.7.1.jar:/Users/Abhishek/.m2/repository/com/github/ralfstuckert/pdfbox-layout/pdfbox2-layout/1.0.0/pdfbox2-layout-1.0.0.jar:/Users/Abhishek/.m2/repository/com/aventstack/klov-reporter/5.0.5/klov-reporter-5.0.5.jar:/Users/Abhishek/.m2/repository/org/mongodb/bson/3.6.4/bson-3.6.4.jar:/Users/Abhishek/.m2/repository/org/apache/httpcomponents/httpclient/4.5.2/httpclient-4.5.2.jar:/Users/Abhishek/.m2/repository/org/apache/httpcomponents/httpcore/4.4.4/httpcore-4.4.4.jar:/Users/Abhishek/.m2/repository/org/apache/httpcomponents/httpmime/4.5.2/httpmime-4.5.2.jar:/Users/Abhishek/.m2/repository/org/mongodb/mongodb-driver/3.3.0/mongodb-driver-3.3.0.jar:/Users/Abhishek/.m2/repository/org/mongodb/mongodb-driver-core/3.3.0/mongodb-driver-core-3.3.0.jar:"/>
    <property name="sun.awt.enableExtraMouseButtons" value="true"/>
    <property name="java.vm.vendor" value="Oracle Corporation"/>
    <property name="sun.arch.data.model" value="64"/>
    <property name="sun.font.fontmanager" value="sun.font.CFontManager"/>
    <property name="java.vendor.url" value="http://java.oracle.com/"/>
    <property name="user.timezone" value="Australia/Sydney"/>
    <property name="java.vm.specification.version" value="1.8"/>
    <property name="os.name" value="Mac OS X"/>
    <property name="user.country" value="AU"/>
    <property name="sun.java.launcher" value="SUN_STANDARD"/>
    <property name="sun.boot.library.path" value="/Library/Java/JavaVirtualMachines/jdk1.8.0_281.jdk/Contents/Home/jre/lib"/>
    <property name="sun.java.command" value="/Users/apurva/eclipse-workspace/UIAutomationBDD/target/surefire/surefirebooter7597817035030211959.jar /Users/apurva/eclipse-workspace/UIAutomationBDD/target/surefire 2021-04-09T07-23-46_379-jvmRun1 surefire2415812532856853223tmp surefire_0328378056197146017tmp"/>
    <property name="http.nonProxyHosts" value="local|*.local|169.254/16|*.169.254/16"/>
    <property name="surefire.test.class.path" value="/Users/apurva/eclipse-workspace/UIAutomationBDD/target/test-classes:/Users/apurva/eclipse-workspace/UIAutomationBDD/target/classes:/Users/Abhishek/.m2/repository/org/seleniumhq/selenium/selenium-java/3.141.59/selenium-java-3.141.59.jar:/Users/Abhishek/.m2/repository/org/seleniumhq/selenium/selenium-api/3.141.59/selenium-api-3.141.59.jar:/Users/Abhishek/.m2/repository/org/seleniumhq/selenium/selenium-chrome-driver/3.141.59/selenium-chrome-driver-3.141.59.jar:/Users/Abhishek/.m2/repository/org/seleniumhq/selenium/selenium-edge-driver/3.141.59/selenium-edge-driver-3.141.59.jar:/Users/Abhishek/.m2/repository/org/seleniumhq/selenium/selenium-firefox-driver/3.141.59/selenium-firefox-driver-3.141.59.jar:/Users/Abhishek/.m2/repository/org/seleniumhq/selenium/selenium-ie-driver/3.141.59/selenium-ie-driver-3.141.59.jar:/Users/Abhishek/.m2/repository/org/seleniumhq/selenium/selenium-opera-driver/3.141.59/selenium-opera-driver-3.141.59.jar:/Users/Abhishek/.m2/repository/org/seleniumhq/selenium/selenium-remote-driver/3.141.59/selenium-remote-driver-3.141.59.jar:/Users/Abhishek/.m2/repository/org/seleniumhq/selenium/selenium-safari-driver/3.141.59/selenium-safari-driver-3.141.59.jar:/Users/Abhishek/.m2/repository/org/seleniumhq/selenium/selenium-support/3.141.59/selenium-support-3.141.59.jar:/Users/Abhishek/.m2/repository/net/bytebuddy/byte-buddy/1.8.15/byte-buddy-1.8.15.jar:/Users/Abhishek/.m2/repository/org/apache/commons/commons-exec/1.3/commons-exec-1.3.jar:/Users/Abhishek/.m2/repository/com/google/guava/guava/25.0-jre/guava-25.0-jre.jar:/Users/Abhishek/.m2/repository/com/google/code/findbugs/jsr305/1.3.9/jsr305-1.3.9.jar:/Users/Abhishek/.m2/repository/org/checkerframework/checker-compat-qual/2.0.0/checker-compat-qual-2.0.0.jar:/Users/Abhishek/.m2/repository/com/google/errorprone/error_prone_annotations/2.1.3/error_prone_annotations-2.1.3.jar:/Users/Abhishek/.m2/repository/com/google/j2objc/j2objc-annotations/1.1/j2objc-annotations-1.1.jar:/Users/Abhishek/.m2/repository/org/codehaus/mojo/animal-sniffer-annotations/1.14/animal-sniffer-annotations-1.14.jar:/Users/Abhishek/.m2/repository/com/squareup/okhttp3/okhttp/3.11.0/okhttp-3.11.0.jar:/Users/Abhishek/.m2/repository/com/squareup/okio/okio/1.14.0/okio-1.14.0.jar:/Users/Abhishek/.m2/repository/org/seleniumhq/selenium/selenium-server/3.141.59/selenium-server-3.141.59.jar:/Users/Abhishek/.m2/repository/com/beust/jcommander/1.72/jcommander-1.72.jar:/Users/Abhishek/.m2/repository/net/jcip/jcip-annotations/1.0/jcip-annotations-1.0.jar:/Users/Abhishek/.m2/repository/org/seleniumhq/selenium/jetty-repacked/9.4.12.v20180830/jetty-repacked-9.4.12.v20180830.jar:/Users/Abhishek/.m2/repository/javax/servlet/javax.servlet-api/3.1.0/javax.servlet-api-3.1.0.jar:/Users/Abhishek/.m2/repository/org/yaml/snakeyaml/1.19/snakeyaml-1.19.jar:/Users/Abhishek/.m2/repository/io/github/bonigarcia/webdrivermanager/4.2.2/webdrivermanager-4.2.2.jar:/Users/Abhishek/.m2/repository/org/slf4j/slf4j-api/1.7.30/slf4j-api-1.7.30.jar:/Users/Abhishek/.m2/repository/com/google/code/gson/gson/2.8.6/gson-2.8.6.jar:/Users/Abhishek/.m2/repository/org/apache/commons/commons-lang3/3.11/commons-lang3-3.11.jar:/Users/Abhishek/.m2/repository/org/apache/httpcomponents/client5/httpclient5/5.0.1/httpclient5-5.0.1.jar:/Users/Abhishek/.m2/repository/org/apache/httpcomponents/core5/httpcore5/5.0.1/httpcore5-5.0.1.jar:/Users/Abhishek/.m2/repository/org/apache/httpcomponents/core5/httpcore5-h2/5.0.1/httpcore5-h2-5.0.1.jar:/Users/Abhishek/.m2/repository/commons-codec/commons-codec/1.13/commons-codec-1.13.jar:/Users/Abhishek/.m2/repository/org/rauschig/jarchivelib/1.1.0/jarchivelib-1.1.0.jar:/Users/Abhishek/.m2/repository/org/apache/commons/commons-compress/1.20/commons-compress-1.20.jar:/Users/Abhishek/.m2/repository/org/jsoup/jsoup/1.13.1/jsoup-1.13.1.jar:/Users/Abhishek/.m2/repository/io/cucumber/cucumber-java/6.9.0/cucumber-java-6.9.0.jar:/Users/Abhishek/.m2/repository/org/apiguardian/apiguardian-api/1.1.0/apiguardian-api-1.1.0.jar:/Users/Abhishek/.m2/repository/io/cucumber/gherkin/5.1.0/gherkin-5.1.0.jar:/Users/Abhishek/.m2/repository/io/cucumber/gherkin-jvm-deps/1.0.4/gherkin-jvm-deps-1.0.4.jar:/Users/Abhishek/.m2/repository/io/cucumber/cucumber-testng/6.9.0/cucumber-testng-6.9.0.jar:/Users/Abhishek/.m2/repository/io/cucumber/cucumber-core/6.9.0/cucumber-core-6.9.0.jar:/Users/Abhishek/.m2/repository/io/cucumber/cucumber-gherkin/6.9.0/cucumber-gherkin-6.9.0.jar:/Users/Abhishek/.m2/repository/io/cucumber/cucumber-gherkin-messages/6.9.0/cucumber-gherkin-messages-6.9.0.jar:/Users/Abhishek/.m2/repository/io/cucumber/messages/13.2.0/messages-13.2.0.jar:/Users/Abhishek/.m2/repository/io/cucumber/tag-expressions/3.0.0/tag-expressions-3.0.0.jar:/Users/Abhishek/.m2/repository/io/cucumber/cucumber-expressions/10.3.0/cucumber-expressions-10.3.0.jar:/Users/Abhishek/.m2/repository/io/cucumber/datatable/3.5.0/datatable-3.5.0.jar:/Users/Abhishek/.m2/repository/io/cucumber/cucumber-plugin/6.9.0/cucumber-plugin-6.9.0.jar:/Users/Abhishek/.m2/repository/io/cucumber/docstring/6.9.0/docstring-6.9.0.jar:/Users/Abhishek/.m2/repository/io/cucumber/html-formatter/9.0.0/html-formatter-9.0.0.jar:/Users/Abhishek/.m2/repository/io/cucumber/create-meta/2.0.4/create-meta-2.0.4.jar:/Users/Abhishek/.m2/repository/net/masterthought/cucumber-reporting/5.5.2/cucumber-reporting-5.5.2.jar:/Users/Abhishek/.m2/repository/com/fasterxml/jackson/core/jackson-databind/2.12.1/jackson-databind-2.12.1.jar:/Users/Abhishek/.m2/repository/com/fasterxml/jackson/core/jackson-annotations/2.12.1/jackson-annotations-2.12.1.jar:/Users/Abhishek/.m2/repository/com/fasterxml/jackson/core/jackson-core/2.12.1/jackson-core-2.12.1.jar:/Users/Abhishek/.m2/repository/com/fasterxml/jackson/datatype/jackson-datatype-jsr310/2.12.1/jackson-datatype-jsr310-2.12.1.jar:/Users/Abhishek/.m2/repository/org/apache/velocity/velocity-engine-core/2.2/velocity-engine-core-2.2.jar:/Users/Abhishek/.m2/repository/commons-collections/commons-collections/3.2.2/commons-collections-3.2.2.jar:/Users/Abhishek/.m2/repository/joda-time/joda-time/2.10.9/joda-time-2.10.9.jar:/Users/Abhishek/.m2/repository/org/codehaus/plexus/plexus-utils/3.3.0/plexus-utils-3.3.0.jar:/Users/Abhishek/.m2/repository/com/googlecode/owasp-java-html-sanitizer/owasp-java-html-sanitizer/20200713.1/owasp-java-html-sanitizer-20200713.1.jar:/Users/Abhishek/.m2/repository/commons-configuration/commons-configuration/1.10/commons-configuration-1.10.jar:/Users/Abhishek/.m2/repository/commons-lang/commons-lang/2.6/commons-lang-2.6.jar:/Users/Abhishek/.m2/repository/commons-logging/commons-logging/1.1.1/commons-logging-1.1.1.jar:/Users/Abhishek/.m2/repository/org/testng/testng/7.4.0/testng-7.4.0.jar:/Users/Abhishek/.m2/repository/org/webjars/jquery/3.5.1/jquery-3.5.1.jar:/Users/Abhishek/.m2/repository/org/apache/poi/poi-ooxml/3.17/poi-ooxml-3.17.jar:/Users/Abhishek/.m2/repository/org/apache/poi/poi/3.17/poi-3.17.jar:/Users/Abhishek/.m2/repository/org/apache/commons/commons-collections4/4.1/commons-collections4-4.1.jar:/Users/Abhishek/.m2/repository/org/apache/poi/poi-ooxml-schemas/3.17/poi-ooxml-schemas-3.17.jar:/Users/Abhishek/.m2/repository/org/apache/xmlbeans/xmlbeans/2.6.0/xmlbeans-2.6.0.jar:/Users/Abhishek/.m2/repository/stax/stax-api/1.0.1/stax-api-1.0.1.jar:/Users/Abhishek/.m2/repository/com/github/virtuald/curvesapi/1.04/curvesapi-1.04.jar:/Users/Abhishek/.m2/repository/log4j/log4j/1.2.17/log4j-1.2.17.jar:/Users/Abhishek/.m2/repository/commons-io/commons-io/2.6/commons-io-2.6.jar:/Users/Abhishek/.m2/repository/tech/grasshopper/extentreports-cucumber6-adapter/2.6.0/extentreports-cucumber6-adapter-2.6.0.jar:/Users/Abhishek/.m2/repository/com/aventstack/extentreports/5.0.5/extentreports-5.0.5.jar:/Users/Abhishek/.m2/repository/io/reactivex/rxjava3/rxjava/3.0.4/rxjava-3.0.4.jar:/Users/Abhishek/.m2/repository/org/reactivestreams/reactive-streams/1.0.3/reactive-streams-1.0.3.jar:/Users/Abhishek/.m2/repository/org/freemarker/freemarker/2.3.30/freemarker-2.3.30.jar:/Users/Abhishek/.m2/repository/org/projectlombok/lombok/1.18.12/lombok-1.18.12.jar:/Users/Abhishek/.m2/repository/tech/grasshopper/extent-pdf-report/1.5.0/extent-pdf-report-1.5.0.jar:/Users/Abhishek/.m2/repository/tech/grasshopper/cucumber-pdf-report/1.7.0/cucumber-pdf-report-1.7.0.jar:/Users/Abhishek/.m2/repository/org/apache/pdfbox/pdfbox/2.0.21/pdfbox-2.0.21.jar:/Users/Abhishek/.m2/repository/org/apache/pdfbox/fontbox/2.0.21/fontbox-2.0.21.jar:/Users/Abhishek/.m2/repository/org/knowm/xchart/xchart/3.6.5/xchart-3.6.5.jar:/Users/Abhishek/.m2/repository/de/erichseifert/vectorgraphics2d/VectorGraphics2D/0.13/VectorGraphics2D-0.13.jar:/Users/Abhishek/.m2/repository/de/rototor/pdfbox/graphics2d/0.27/graphics2d-0.27.jar:/Users/Abhishek/.m2/repository/com/madgag/animated-gif-lib/1.4/animated-gif-lib-1.4.jar:/Users/Abhishek/.m2/repository/com/github/vandeseer/easytable/0.7.1/easytable-0.7.1.jar:/Users/Abhishek/.m2/repository/com/github/ralfstuckert/pdfbox-layout/pdfbox2-layout/1.0.0/pdfbox2-layout-1.0.0.jar:/Users/Abhishek/.m2/repository/com/aventstack/klov-reporter/5.0.5/klov-reporter-5.0.5.jar:/Users/Abhishek/.m2/repository/org/mongodb/bson/3.6.4/bson-3.6.4.jar:/Users/Abhishek/.m2/repository/org/apache/httpcomponents/httpclient/4.5.2/httpclient-4.5.2.jar:/Users/Abhishek/.m2/repository/org/apache/httpcomponents/httpcore/4.4.4/httpcore-4.4.4.jar:/Users/Abhishek/.m2/repository/org/apache/httpcomponents/httpmime/4.5.2/httpmime-4.5.2.jar:/Users/Abhishek/.m2/repository/org/mongodb/mongodb-driver/3.3.0/mongodb-driver-3.3.0.jar:/Users/Abhishek/.m2/repository/org/mongodb/mongodb-driver-core/3.3.0/mongodb-driver-core-3.3.0.jar:"/>
    <property name="sun.cpu.endian" value="little"/>
    <property name="user.home" value="/Users/Abhishek"/>
    <property name="user.language" value="en"/>
    <property name="java.specification.vendor" value="Oracle Corporation"/>
    <property name="java.home" value="/Library/Java/JavaVirtualMachines/jdk1.8.0_281.jdk/Contents/Home/jre"/>
    <property name="basedir" value="/Users/apurva/eclipse-workspace/UIAutomationBDD"/>
    <property name="file.separator" value="/"/>
    <property name="line.separator" value="&#10;"/>
    <property name="java.vm.specification.vendor" value="Oracle Corporation"/>
    <property name="java.specification.name" value="Java Platform API Specification"/>
    <property name="java.awt.graphicsenv" value="sun.awt.CGraphicsEnvironment"/>
    <property name="surefire.real.class.path" value="/Users/apurva/eclipse-workspace/UIAutomationBDD/target/surefire/surefirebooter7597817035030211959.jar"/>
    <property name="sun.boot.class.path" value="/Library/Java/JavaVirtualMachines/jdk1.8.0_281.jdk/Contents/Home/jre/lib/resources.jar:/Library/Java/JavaVirtualMachines/jdk1.8.0_281.jdk/Contents/Home/jre/lib/rt.jar:/Library/Java/JavaVirtualMachines/jdk1.8.0_281.jdk/Contents/Home/jre/lib/sunrsasign.jar:/Library/Java/JavaVirtualMachines/jdk1.8.0_281.jdk/Contents/Home/jre/lib/jsse.jar:/Library/Java/JavaVirtualMachines/jdk1.8.0_281.jdk/Contents/Home/jre/lib/jce.jar:/Library/Java/JavaVirtualMachines/jdk1.8.0_281.jdk/Contents/Home/jre/lib/charsets.jar:/Library/Java/JavaVirtualMachines/jdk1.8.0_281.jdk/Contents/Home/jre/lib/jfr.jar:/Library/Java/JavaVirtualMachines/jdk1.8.0_281.jdk/Contents/Home/jre/classes"/>
    <property name="sun.management.compiler" value="HotSpot 64-Bit Tiered Compilers"/>
    <property name="ftp.nonProxyHosts" value="local|*.local|169.254/16|*.169.254/16"/>
    <property name="java.runtime.version" value="1.8.0_281-b09"/>
    <property name="user.name" value="apurva"/>
    <property name="path.separator" value=":"/>
    <property name="os.version" value="10.16"/>
    <property name="java.endorsed.dirs" value="/Library/Java/JavaVirtualMachines/jdk1.8.0_281.jdk/Contents/Home/jre/lib/endorsed"/>
    <property name="java.runtime.name" value="Java(TM) SE Runtime Environment"/>
    <property name="file.encoding" value="UTF-8"/>
    <property name="java.vm.name" value="Java HotSpot(TM) 64-Bit Server VM"/>
    <property name="localRepository" value="/Users/Abhishek/.m2/repository"/>
    <property name="java.vendor.url.bug" value="http://bugreport.sun.com/bugreport/"/>
    <property name="java.io.tmpdir" value="/var/folders/5v/7mg4wcrx07s5cyvn5jsqjnpm0000gn/T/"/>
    <property name="java.version" value="1.8.0_281"/>
    <property name="user.dir" value="/Users/apurva/eclipse-workspace/UIAutomationBDD"/>
    <property name="os.arch" value="x86_64"/>
    <property name="java.vm.specification.name" value="Java Virtual Machine Specification"/>
    <property name="java.awt.printerjob" value="sun.lwawt.macosx.CPrinterJob"/>
    <property name="sun.os.patch.level" value="unknown"/>
    <property name="java.library.path" value="/Users/Abhishek/Library/Java/Extensions:/Library/Java/Extensions:/Network/Library/Java/Extensions:/System/Library/Java/Extensions:/usr/lib/java:."/>
    <property name="java.vm.info" value="mixed mode"/>
    <property name="java.vendor" value="Oracle Corporation"/>
    <property name="java.vm.version" value="25.281-b09"/>
    <property name="java.ext.dirs" value="/Users/Abhishek/Library/Java/Extensions:/Library/Java/JavaVirtualMachines/jdk1.8.0_281.jdk/Contents/Home/jre/lib/ext:/Library/Java/Extensions:/Network/Library/Java/Extensions:/System/Library/Java/Extensions:/usr/lib/java"/>
    <property name="sun.io.unicode.encoding" value="UnicodeBig"/>
    <property name="java.class.version" value="52.0"/>
    <property name="socksNonProxyHosts" value="local|*.local|169.254/16|*.169.254/16"/>
  </properties>
  <testcase name="runScenarios[&quot;Place an order by selecting two different products from the sub category&quot;, &quot;Optional[Place an order for two items]&quot;](1)" classname="test.Runners.TestRunner" time="41.481">
    <system-out><![CDATA[
@orderTwoProducts
Scenario: Place an order by selecting two different products from the sub category &amp#27;[90m# src/test/resources/features/PlaceOrder.feature:5&amp#27;[0m
2021-04-09 07:23:59 INFO  Shopping:61 - Browser Launched Successfully
  &amp#27;[32mGiven &amp#27;[0m&amp#27;[32mUser launches the website&amp#27;[0m                                                  &amp#27;[90m# stepDefinition.PlaceOrder.user_launches_the_website()&amp#27;[0m
2021-04-09 07:24:01 INFO  Shopping:106 - Successfully clicked on element
2021-04-09 07:24:01 INFO  Shopping:132 - Successfully selected subCategory: CASUAL DRESSES
  &amp#27;[32mWhen &amp#27;[0m&amp#27;[32mUser selects the sub category from main category&amp#27;[0m                            &amp#27;[90m# stepDefinition.PlaceOrder.user_selects_the_sub_cataegory_from_main_category(io.cucumber.datatable.DataTable)&amp#27;[0m
2021-04-09 07:24:02 INFO  Shopping:106 - Successfully clicked on element
2021-04-09 07:24:02 INFO  Shopping:30 - Successfully clicked on addToCart button
  &amp#27;[32mAnd &amp#27;[0m&amp#27;[32mUser adds product &amp#27;[0m&amp#27;[32m&amp#27;[1m"Printed Dress"&amp#27;[0m&amp#27;[32m to the cart&amp#27;[0m                                &amp#27;[90m# stepDefinition.PlaceOrder.user_adds_product_to_the_cart(java.lang.String)&amp#27;[0m
2021-04-09 07:24:03 INFO  Shopping:106 - Successfully clicked on element
  &amp#27;[32mAnd &amp#27;[0m&amp#27;[32mUser clicks on Continue Shopping&amp#27;[0m                                             &amp#27;[90m# stepDefinition.PlaceOrder.user_clicks_on_continue_shopping()&amp#27;[0m
2021-04-09 07:24:06 INFO  Shopping:106 - Successfully clicked on element
2021-04-09 07:24:06 INFO  Shopping:132 - Successfully selected subCategory: Blouses
  &amp#27;[32mAnd &amp#27;[0m&amp#27;[32mUser selects the sub category from main category&amp#27;[0m                             &amp#27;[90m# stepDefinition.PlaceOrder.user_selects_the_sub_cataegory_from_main_category(io.cucumber.datatable.DataTable)&amp#27;[0m
2021-04-09 07:24:06 INFO  Shopping:106 - Successfully clicked on element
2021-04-09 07:24:06 INFO  Shopping:30 - Successfully clicked on addToCart button
  &amp#27;[32mAnd &amp#27;[0m&amp#27;[32mUser adds product &amp#27;[0m&amp#27;[32m&amp#27;[1m"Blouse"&amp#27;[0m&amp#27;[32m to the cart&amp#27;[0m                                       &amp#27;[90m# stepDefinition.PlaceOrder.user_adds_product_to_the_cart(java.lang.String)&amp#27;[0m
2021-04-09 07:24:09 INFO  Shopping:106 - Successfully clicked on element
  &amp#27;[32mAnd &amp#27;[0m&amp#27;[32mUser clicks on Proceed to checkout&amp#27;[0m                                           &amp#27;[90m# stepDefinition.PlaceOrder.user_clicks_on_proceed_to_checkout()&amp#27;[0m
2021-04-09 07:24:10 INFO  Shopping:44 - Successfully verified product quantity in cart: 2
  &amp#27;[32mAnd &amp#27;[0m&amp#27;[32mUser verifies product quantiy in the cart&amp#27;[0m                                    &amp#27;[90m# stepDefinition.PlaceOrder.user_verifies_product_quantity_in_the_cart()&amp#27;[0m
2021-04-09 07:24:13 INFO  Shopping:106 - Successfully clicked on element
2021-04-09 07:24:13 INFO  Shopping:37 - Successfully cllicked on Proceed to checkout button
  &amp#27;[32mAnd &amp#27;[0m&amp#27;[32mUser clicks on Proceed to checkout on Summary Page&amp#27;[0m                           &amp#27;[90m# stepDefinition.PlaceOrder.user_clicks_on_proceed_to_checkout_on_summary_page()&amp#27;[0m
2021-04-09 07:24:14 INFO  Shopping:117 - Text entered Successfully
2021-04-09 07:24:14 INFO  Shopping:106 - Successfully clicked on element
2021-04-09 07:24:14 INFO  Shopping:46 - Successfully clicked on create an account button.
  &amp#27;[32mAnd &amp#27;[0m&amp#27;[32mUser enters email address inorder to create account&amp#27;[0m                          &amp#27;[90m# stepDefinition.PlaceOrder.user_enters_email_address_inorder_to_create_account()&amp#27;[0m
2021-04-09 07:24:16 INFO  Shopping:106 - Successfully clicked on element
2021-04-09 07:24:16 INFO  Shopping:87 - Successfully selected title: [[ChromeDriver: chrome on MAC (9a72106c5686895ba134cd5c574f670a)] -> xpath: //div[@class='radio-inline'][1]]
2021-04-09 07:24:17 INFO  Shopping:117 - Text entered Successfully
2021-04-09 07:24:17 INFO  Shopping:97 - Successfully entered firstname: Abhi
2021-04-09 07:24:17 INFO  Shopping:117 - Text entered Successfully
2021-04-09 07:24:17 INFO  Shopping:101 - Successfully entered lastname: Nagre
2021-04-09 07:24:17 INFO  Shopping:117 - Text entered Successfully
2021-04-09 07:24:17 INFO  Shopping:105 - Successfully entered password: Abhi$499
1
2021-04-09 07:24:17 INFO  Shopping:94 - Successfully selected value from the dropdown
2021-04-09 07:24:17 INFO  Shopping:94 - Successfully selected value from the dropdown
2021-04-09 07:24:17 INFO  Shopping:94 - Successfully selected value from the dropdown
2021-04-09 07:24:17 INFO  Shopping:113 - Successfully selected DoB: 19/1/2010
2021-04-09 07:24:17 INFO  Shopping:117 - Text entered Successfully
2021-04-09 07:24:17 INFO  Shopping:118 - Successfully entered company: WooliesX
2021-04-09 07:24:18 INFO  Shopping:117 - Text entered Successfully
2021-04-09 07:24:18 INFO  Shopping:122 - Successfully entered address: 2 Good St
2021-04-09 07:24:18 INFO  Shopping:117 - Text entered Successfully
2021-04-09 07:24:18 INFO  Shopping:126 - Successfully entered city: Sydney
2021-04-09 07:24:18 INFO  Shopping:83 - Successfully selected text from the dropdown
2021-04-09 07:24:18 INFO  Shopping:129 - Successfully selected state: Alaska
2021-04-09 07:24:18 INFO  Shopping:117 - Text entered Successfully
2021-04-09 07:24:18 INFO  Shopping:133 - Successfully entered postalcode: 00000
2021-04-09 07:24:18 INFO  Shopping:117 - Text entered Successfully
2021-04-09 07:24:18 INFO  Shopping:137 - Successfully entered mobilePhone: 0481019322
2021-04-09 07:24:21 INFO  Shopping:106 - Successfully clicked on element
  &amp#27;[32mAnd &amp#27;[0m&amp#27;[32mUser furnishes personal information to register&amp#27;[0m                              &amp#27;[90m# stepDefinition.PlaceOrder.user_furnishes_personal_information_to_register(io.cucumber.datatable.DataTable)&amp#27;[0m
2021-04-09 07:24:23 INFO  Shopping:106 - Successfully clicked on element
  &amp#27;[32mAnd &amp#27;[0m&amp#27;[32mUser clicks on Proceed to checkout on Address Page&amp#27;[0m                           &amp#27;[90m# stepDefinition.PlaceOrder.user_clicks_on_proceeds_to_checkout_on_address_page()&amp#27;[0m
2021-04-09 07:24:25 INFO  Shopping:106 - Successfully clicked on element
  &amp#27;[32mAnd &amp#27;[0m&amp#27;[32mUser proceeds to checkout on Shipping Page by agreeing to the terms&amp#27;[0m          &amp#27;[90m# stepDefinition.PlaceOrder.user_proceeds_to_checkout_on_shipping_page_by_agreeing_to_the_terms()&amp#27;[0m
2021-04-09 07:24:26 INFO  Shopping:106 - Successfully clicked on element
  &amp#27;[32mAnd &amp#27;[0m&amp#27;[32mUser selects payment option &amp#27;[0m&amp#27;[32m&amp#27;[1m"Pay by bank wire"&amp#27;[0m                               &amp#27;[90m# stepDefinition.PlaceOrder.user_selects_payment_option(java.lang.String)&amp#27;[0m
2021-04-09 07:24:29 INFO  Shopping:106 - Successfully clicked on element
  &amp#27;[32mAnd &amp#27;[0m&amp#27;[32mUser confirms the order&amp#27;[0m                                                      &amp#27;[90m# stepDefinition.PlaceOrder.user_confirms_the_order()&amp#27;[0m
2021-04-09 07:24:29 INFO  Shopping:47 - Message present on screen and verified successfully
  &amp#27;[32mThen &amp#27;[0m&amp#27;[32mUser receives confirmation message &amp#27;[0m&amp#27;[32m&amp#27;[1m"Your order on My Store is complete."&amp#27;[0m    &amp#27;[90m# stepDefinition.PlaceOrder.user_receives_confirmation_message(java.lang.String)&amp#27;[0m
2021-04-09 07:24:29 INFO  Shopping:29 - Place an order by selecting two different products from the sub category is Pass

    Embedding Place an order by selecting two different products from the sub category [image/png 332243 bytes]

2021-04-09 07:24:30 INFO  Shopping:38 - Browser closed Successfully
]]></system-out>
    <system-err><![CDATA[SLF4J: Failed to load class "org.slf4j.impl.StaticLoggerBinder".
SLF4J: Defaulting to no-operation (NOP) logger implementation
SLF4J: See http://www.slf4j.org/codes.html#StaticLoggerBinder for further details.
Starting ChromeDriver 89.0.4389.23 (61b08ee2c50024bab004e48d2b1b083cdbdac579-refs/branch-heads/4389@{#294}) on port 23318
Only local connections are allowed.
Please see https://chromedriver.chromium.org/security-considerations for suggestions on keeping ChromeDriver safe.
ChromeDriver was started successfully.
Apr 09, 2021 7:23:53 AM org.openqa.selenium.remote.ProtocolHandshake createSession
INFO: Detected dialect: W3C
]]></system-err>
  </testcase>
</testsuite>