<?xml version="1.0" encoding="UTF-8"?>
<!-- Generated by org.testng.reporters.JUnitReportReporter -->
<testsuite skipped="0" hostname="192-168-1-148.tpgi.com.au" name="test.Runners.TestRunner" tests="1" failures="0" timestamp="2021-04-09T07:24:33 AEST" time="41.428" errors="0">
  <testcase name="runScenarios" time="41.428" classname="test.Runners.TestRunner"/>
  <system-out/>
</testsuite> <!-- test.Runners.TestRunner -->
